<?xml version="1.0" encoding="UTF-8"?>
<testng-results skipped="0" failed="1" ignored="0" total="6" passed="5">
  <reporter-output>
  </reporter-output>
  <suite name="Default suite" duration-ms="13127" started-at="2024-12-30T20:57:04 IST" finished-at="2024-12-30T20:57:17 IST">
    <groups>
    </groups>
    <test name="Default test" duration-ms="13127" started-at="2024-12-30T20:57:04 IST" finished-at="2024-12-30T20:57:17 IST">
      <class name="com.google.oauth2.tests.GmailAPITests">
        <test-method status="PASS" signature="shouldBeAbleToGetProfileDetails()[pri:1, instance:com.google.oauth2.tests.GmailAPITests@2781e022]" name="shouldBeAbleToGetProfileDetails" duration-ms="7953" started-at="2024-12-30T20:57:04 IST" description="User should able to get user profile details" finished-at="2024-12-30T20:57:12 IST">
          <reporter-output>
          </reporter-output>
        </test-method> <!-- shouldBeAbleToGetProfileDetails -->
        <test-method status="PASS" signature="shouldBeAbleToSendEmail()[pri:2, instance:com.google.oauth2.tests.GmailAPITests@2781e022]" name="shouldBeAbleToSendEmail" duration-ms="1262" started-at="2024-12-30T20:57:12 IST" description="User should able to send the email" finished-at="2024-12-30T20:57:13 IST">
          <reporter-output>
          </reporter-output>
        </test-method> <!-- shouldBeAbleToSendEmail -->
        <test-method status="PASS" signature="shouldBeAbleToGetMessage()[pri:3, instance:com.google.oauth2.tests.GmailAPITests@2781e022]" name="shouldBeAbleToGetMessage" duration-ms="1054" started-at="2024-12-30T20:57:13 IST" description="User should able to get message" finished-at="2024-12-30T20:57:14 IST">
          <reporter-output>
          </reporter-output>
        </test-method> <!-- shouldBeAbleToGetMessage -->
        <test-method status="PASS" signature="getListOfAllMessage()[pri:4, instance:com.google.oauth2.tests.GmailAPITests@2781e022]" name="getListOfAllMessage" duration-ms="972" started-at="2024-12-30T20:57:14 IST" description="User should able to get list of all messages" finished-at="2024-12-30T20:57:15 IST">
          <reporter-output>
          </reporter-output>
        </test-method> <!-- getListOfAllMessage -->
        <test-method status="PASS" signature="shouldBeABleToDeleteMessage()[pri:5, instance:com.google.oauth2.tests.GmailAPITests@2781e022]" name="shouldBeABleToDeleteMessage" duration-ms="881" started-at="2024-12-30T20:57:15 IST" description="User Should able to delete message" finished-at="2024-12-30T20:57:16 IST">
          <reporter-output>
          </reporter-output>
        </test-method> <!-- shouldBeABleToDeleteMessage -->
        <test-method status="FAIL" signature="shouldBeABleToDeleteMessageAgain()[pri:6, instance:com.google.oauth2.tests.GmailAPITests@2781e022]" name="shouldBeABleToDeleteMessageAgain" duration-ms="910" started-at="2024-12-30T20:57:16 IST" description="Trying to delete alredy deleted content in this case will get 204(NO CONTENT)" finished-at="2024-12-30T20:57:17 IST">
          <exception class="java.lang.AssertionError">
            <message>
              <![CDATA[expected [204] but found [200]]]>
            </message>
            <full-stacktrace>
              <![CDATA[java.lang.AssertionError: expected [204] but found [200]
at org.testng.Assert.fail(Assert.java:99)
at org.testng.Assert.failNotEquals(Assert.java:1037)
at org.testng.Assert.assertEqualsImpl(Assert.java:140)
at org.testng.Assert.assertEquals(Assert.java:122)
at org.testng.Assert.assertEquals(Assert.java:907)
at org.testng.Assert.assertEquals(Assert.java:917)
at com.google.oauth2.tests.GmailAPITests.shouldBeABleToDeleteMessageAgain(GmailAPITests.java:76)
at sun.reflect.NativeMethodAccessorImpl.invoke0(Native Method)
at sun.reflect.NativeMethodAccessorImpl.invoke(NativeMethodAccessorImpl.java:62)
at sun.reflect.DelegatingMethodAccessorImpl.invoke(DelegatingMethodAccessorImpl.java:43)
at java.lang.reflect.Method.invoke(Method.java:498)
at org.testng.internal.MethodInvocationHelper.invokeMethod(MethodInvocationHelper.java:133)
at org.testng.internal.TestInvoker.invokeMethod(TestInvoker.java:598)
at org.testng.internal.TestInvoker.invokeTestMethod(TestInvoker.java:173)
at org.testng.internal.MethodRunner.runInSequence(MethodRunner.java:46)
at org.testng.internal.TestInvoker$MethodInvocationAgent.invoke(TestInvoker.java:824)
at org.testng.internal.TestInvoker.invokeTestMethods(TestInvoker.java:146)
at org.testng.internal.TestMethodWorker.invokeTestMethods(TestMethodWorker.java:146)
at org.testng.internal.TestMethodWorker.run(TestMethodWorker.java:128)
at java.util.ArrayList.forEach(ArrayList.java:1259)
at org.testng.TestRunner.privateRun(TestRunner.java:794)
at org.testng.TestRunner.run(TestRunner.java:596)
at org.testng.SuiteRunner.runTest(SuiteRunner.java:377)
at org.testng.SuiteRunner.runSequentially(SuiteRunner.java:371)
at org.testng.SuiteRunner.privateRun(SuiteRunner.java:332)
at org.testng.SuiteRunner.run(SuiteRunner.java:276)
at org.testng.SuiteRunnerWorker.runSuite(SuiteRunnerWorker.java:53)
at org.testng.SuiteRunnerWorker.run(SuiteRunnerWorker.java:96)
at org.testng.TestNG.runSuitesSequentially(TestNG.java:1212)
at org.testng.TestNG.runSuitesLocally(TestNG.java:1134)
at org.testng.TestNG.runSuites(TestNG.java:1063)
at org.testng.TestNG.run(TestNG.java:1031)
at org.testng.remote.AbstractRemoteTestNG.run(AbstractRemoteTestNG.java:115)
at org.testng.remote.RemoteTestNG.initAndRun(RemoteTestNG.java:251)
at org.testng.remote.RemoteTestNG.main(RemoteTestNG.java:77)
]]>
            </full-stacktrace>
          </exception> <!-- java.lang.AssertionError -->
          <reporter-output>
          </reporter-output>
        </test-method> <!-- shouldBeABleToDeleteMessageAgain -->
      </class> <!-- com.google.oauth2.tests.GmailAPITests -->
    </test> <!-- Default test -->
  </suite> <!-- Default suite -->
</testng-results>
